#-----------------------------------------------------------
# Vivado v2019.1.2 (64-bit)
# SW Build 2615518 on Fri Aug  9 15:53:29 MDT 2019
# IP Build 2614745 on Fri Aug  9 20:55:02 MDT 2019
# Start of session at: Thu Dec 12 15:03:23 2019
# Process ID: 16040
# Current directory: /afs/athena.mit.edu/user/d/i/dianah13/ddl/Game-Logic/game_logic
# Command line: vivado
# Log file: /afs/athena.mit.edu/user/d/i/dianah13/ddl/Game-Logic/game_logic/vivado.log
# Journal file: /afs/athena.mit.edu/user/d/i/dianah13/ddl/Game-Logic/game_logic/vivado.jou
#-----------------------------------------------------------
start_gui
open_project /afs/athena.mit.edu/user/d/i/dianah13/ddl/Game-Logic/game_logic/game_logic.xpr
Scanning sources...
Finished scanning sources
INFO: [IP_Flow 19-234] Refreshing IP repositories
INFO: [IP_Flow 19-1704] No user IP repositories specified
INFO: [IP_Flow 19-2313] Loaded Vivado IP repository '/var/local/xilinx-local/Vivado/2019.1/data/ip'.
open_project: Time (s): cpu = 00:00:12 ; elapsed = 00:00:06 . Memory (MB): peak = 6555.117 ; gain = 167.797 ; free physical = 4048 ; free virtual = 14044
update_compile_order -fileset sources_1
open_hw
connect_hw_server
INFO: [Labtools 27-2285] Connecting to hw_server url TCP:localhost:3121
INFO: [Labtools 27-2222] Launching hw_server...
INFO: [Labtools 27-2221] Launch Output:

****** Xilinx hw_server v2019.1.2
  **** Build date : Aug  9 2019 at 18:23:23
    ** Copyright 1986-2019 Xilinx, Inc. All Rights Reserved.


open_hw_target
INFO: [Labtoolstcl 44-466] Opening hw_target localhost:3121/xilinx_tcf/Digilent/210292645249A
set_property PROGRAM.FILE {/afs/athena.mit.edu/user/d/i/dianah13/ddl/Game-Logic/game_logic/game_logic.runs/impl_1/main.bit} [get_hw_devices xc7a100t_0]
current_hw_device [get_hw_devices xc7a100t_0]
refresh_hw_device -update_hw_probes false [lindex [get_hw_devices xc7a100t_0] 0]
INFO: [Labtools 27-1434] Device xc7a100t (JTAG device index = 0) is programmed with a design that has no supported debug core(s) in it.
set_property PROBES.FILE {} [get_hw_devices xc7a100t_0]
set_property FULL_PROBES.FILE {} [get_hw_devices xc7a100t_0]
set_property PROGRAM.FILE {/afs/athena.mit.edu/user/d/i/dianah13/ddl/Game-Logic/game_logic/game_logic.runs/impl_1/main.bit} [get_hw_devices xc7a100t_0]
program_hw_devices [get_hw_devices xc7a100t_0]
INFO: [Labtools 27-3164] End of startup status: HIGH
refresh_hw_device [lindex [get_hw_devices xc7a100t_0] 0]
INFO: [Labtools 27-1434] Device xc7a100t (JTAG device index = 0) is programmed with a design that has no supported debug core(s) in it.
reset_run impl_1 -prev_step 
launch_runs impl_1 -to_step write_bitstream -jobs 6
INFO: [Vivado 12-4149] The synthesis checkpoint for IP '/afs/athena.mit.edu/user/d/i/dianah13/ddl/Game-Logic/game_logic/game_logic.srcs/sources_1/ip/clk_wiz_final/clk_wiz_final.xci' is already up-to-date
[Thu Dec 12 15:05:27 2019] Launched impl_1...
Run output will be captured here: /afs/athena.mit.edu/user/d/i/dianah13/ddl/Game-Logic/game_logic/game_logic.runs/impl_1/runme.log
set_property PROBES.FILE {} [get_hw_devices xc7a100t_0]
set_property FULL_PROBES.FILE {} [get_hw_devices xc7a100t_0]
set_property PROGRAM.FILE {/afs/athena.mit.edu/user/d/i/dianah13/ddl/Game-Logic/game_logic/game_logic.runs/impl_1/main.bit} [get_hw_devices xc7a100t_0]
program_hw_devices [get_hw_devices xc7a100t_0]
INFO: [Labtools 27-3164] End of startup status: HIGH
refresh_hw_device [lindex [get_hw_devices xc7a100t_0] 0]
INFO: [Labtools 27-1434] Device xc7a100t (JTAG device index = 0) is programmed with a design that has no supported debug core(s) in it.
reset_run synth_1
launch_runs impl_1 -to_step write_bitstream -jobs 6
INFO: [Vivado 12-4149] The synthesis checkpoint for IP '/afs/athena.mit.edu/user/d/i/dianah13/ddl/Game-Logic/game_logic/game_logic.srcs/sources_1/ip/clk_wiz_final/clk_wiz_final.xci' is already up-to-date
[Thu Dec 12 15:08:54 2019] Launched synth_1...
Run output will be captured here: /afs/athena.mit.edu/user/d/i/dianah13/ddl/Game-Logic/game_logic/game_logic.runs/synth_1/runme.log
[Thu Dec 12 15:08:54 2019] Launched impl_1...
Run output will be captured here: /afs/athena.mit.edu/user/d/i/dianah13/ddl/Game-Logic/game_logic/game_logic.runs/impl_1/runme.log
set_property PROBES.FILE {} [get_hw_devices xc7a100t_0]
set_property FULL_PROBES.FILE {} [get_hw_devices xc7a100t_0]
set_property PROGRAM.FILE {/afs/athena.mit.edu/user/d/i/dianah13/ddl/Game-Logic/game_logic/game_logic.runs/impl_1/main.bit} [get_hw_devices xc7a100t_0]
program_hw_devices [get_hw_devices xc7a100t_0]
INFO: [Labtools 27-3164] End of startup status: HIGH
refresh_hw_device [lindex [get_hw_devices xc7a100t_0] 0]
INFO: [Labtools 27-1434] Device xc7a100t (JTAG device index = 0) is programmed with a design that has no supported debug core(s) in it.
